[04/05/2017 18:54] ğ“œğ“¬ğ“ğ“¾ğ“°ğ“°ğ“®ğ“½(212257636647698432) set 1400 credits to ğ“œğ“¬ğ“ğ“¾ğ“°ğ“°ğ“®ğ“½ (212257636647698432)
[04/05/2017 19:25] ğ“œğ“¬ğ“ğ“¾ğ“°ğ“°ğ“®ğ“½(212257636647698432) transferred 1000 credits to musicalgamr(248904840879669249)
[04/05/2017 21:34] ğ“œğ“¬ğ“ğ“¾ğ“°ğ“°ğ“®ğ“½(212257636647698432) set 2000 credits to BeatMeLikeYourMeat (282235772398993409)
[08/05/2017 15:41] ğ“œğ“¬ğ“ğ“¾ğ“°ğ“°ğ“®ğ“½(212257636647698432) added 5000 credits to HEX R3D (255048436955480065)
[08/05/2017 15:42] ğ“œğ“¬ğ“ğ“¾ğ“°ğ“°ğ“®ğ“½(212257636647698432) set 5000 credits to HEX R3D (255048436955480065)
[09/05/2017 16:32] HEX R3D(255048436955480065) added 100 credits to HEX R3D (255048436955480065)
[09/05/2017 16:33] HEX R3D(255048436955480065) removed 100 credits to HEX R3D (255048436955480065)
[09/05/2017 16:33] Mr Rutabaga(212329457032101888) added 93476036093476907469043 credits to Mr Rutabaga (212329457032101888)
[09/05/2017 16:33] ğ“œğ“¬ğ“ğ“¾ğ“°ğ“°ğ“®ğ“½(212257636647698432) removed 93476036093476907469043 credits to Mr Rutabaga (212329457032101888)
[09/05/2017 16:40] ğ“œğ“¬ğ“ğ“¾ğ“°ğ“°ğ“®ğ“½(212257636647698432) set 12000 credits to HEX R3D (255048436955480065)
[09/05/2017 16:40] ğ“œğ“¬ğ“ğ“¾ğ“°ğ“°ğ“®ğ“½(212257636647698432) set 8000 credits to Mr Rutabaga (212329457032101888)
[09/05/2017 16:41] ğ“œğ“¬ğ“ğ“¾ğ“°ğ“°ğ“®ğ“½(212257636647698432) set 12000 credits to HEX R3D (255048436955480065)
[09/05/2017 16:42] ğ“œğ“¬ğ“ğ“¾ğ“°ğ“°ğ“®ğ“½(212257636647698432) set 8000 credits to Mr Rutabaga (212329457032101888)
[09/05/2017 16:42] Mr Rutabaga(212329457032101888) set 123456789 credits to Mr Rutabaga (212329457032101888)
[09/05/2017 16:42] Mr Rutabaga(212329457032101888) set 123456789 credits to Mr Rutabaga (212329457032101888)
[09/05/2017 16:42] Mr Rutabaga(212329457032101888) set 123456789 credits to Mr Rutabaga (212329457032101888)
[09/05/2017 16:42] Mr Rutabaga(212329457032101888) set 123456789 credits to Mr Rutabaga (212329457032101888)
[09/05/2017 16:42] Mr Rutabaga(212329457032101888) set 123456789 credits to Mr Rutabaga (212329457032101888)
[09/05/2017 16:42] ğ“œğ“¬ğ“ğ“¾ğ“°ğ“°ğ“®ğ“½(212257636647698432) set 13000 credits to HEX R3D (255048436955480065)
[09/05/2017 16:42] HEX R3D(255048436955480065) set 12000 credits to HEX R3D (255048436955480065)
[09/05/2017 16:42] ğ“œğ“¬ğ“ğ“¾ğ“°ğ“°ğ“®ğ“½(212257636647698432) set 9000 credits to Mr Rutabaga (212329457032101888)
[09/05/2017 16:42] ğ“œğ“¬ğ“ğ“¾ğ“°ğ“°ğ“®ğ“½(212257636647698432) set 13000 credits to HEX R3D (255048436955480065)
[10/05/2017 21:37] ğ“œğ“¬ğ“ğ“¾ğ“°ğ“°ğ“®ğ“½(212257636647698432) set 2000 credits to HeyItsShuga (150713845835497473)
[12/05/2017 20:37] ğ“œğ“¬ğ“ğ“¾ğ“°ğ“°ğ“®ğ“½(212257636647698432) added 2000 credits to o_Khoi (267964542775066624)
[12/05/2017 20:46] ğ“œğ“¬ğ“ğ“¾ğ“°ğ“°ğ“®ğ“½(212257636647698432) added 1000 credits to Mr Rutabaga (212329457032101888)
[12/05/2017 20:47] ğ“œğ“¬ğ“ğ“¾ğ“°ğ“°ğ“®ğ“½(212257636647698432) added 1000 credits to Mr Rutabaga (212329457032101888)
[12/05/2017 20:48] ğ“œğ“¬ğ“ğ“¾ğ“°ğ“°ğ“®ğ“½(212257636647698432) added 1000 credits to Mr Rutabaga (212329457032101888)
[12/05/2017 20:50] ğ“œğ“¬ğ“ğ“¾ğ“°ğ“°ğ“®ğ“½(212257636647698432) added 2000 credits to musicalgamr (248904840879669249)
[12/05/2017 20:51] ğ“œğ“¬ğ“ğ“¾ğ“°ğ“°ğ“®ğ“½(212257636647698432) added 1000 credits to Mr Rutabaga (212329457032101888)
[12/05/2017 20:52] ğ“œğ“¬ğ“ğ“¾ğ“°ğ“°ğ“®ğ“½(212257636647698432) added 2000 credits to Mr Rutabaga (212329457032101888)
[12/05/2017 20:53] ğ“œğ“¬ğ“ğ“¾ğ“°ğ“°ğ“®ğ“½(212257636647698432) added 2000 credits to Mr Rutabaga (212329457032101888)
[12/05/2017 20:54] ğ“œğ“¬ğ“ğ“¾ğ“°ğ“°ğ“®ğ“½(212257636647698432) added 1000 credits to Mr Rutabaga (212329457032101888)
[12/05/2017 20:54] ğ“œğ“¬ğ“ğ“¾ğ“°ğ“°ğ“®ğ“½(212257636647698432) added 5000 credits to Mr Rutabaga (212329457032101888)
[14/05/2017 22:21] ğ“œğ“¬ğ“ğ“¾ğ“°ğ“°ğ“®ğ“½(212257636647698432) added 2000 credits to bigdaddy2 (144433928155955200)
[19/05/2017 19:22] ğ“œğ“¬ğ“ğ“¾ğ“°ğ“°ğ“®ğ“½(212257636647698432) transferred 2000 credits to decomposer.png(255048436955480065)
[19/05/2017 23:38] ğ“œğ“¬ğ“ğ“¾ğ“°ğ“°ğ“®ğ“½(212257636647698432) transferred 1 credits to KnightEcho(250096780048334850)
[20/05/2017 13:36] ğ“œğ“¬ğ“ğ“¾ğ“°ğ“°ğ“®ğ“½(212257636647698432) transferred 1000 credits to Mr Rutabaga(212329457032101888)
[20/05/2017 16:00] ğ“œğ“¬ğ“ğ“¾ğ“°ğ“°ğ“®ğ“½(212257636647698432) transferred 2000 credits to KnightEcho(250096780048334850)
